<table class="logTable"><tr><td class="">[10:44:51] Start: 2013-07-13 10:44:51</td></tr><tr><td>&nbsp;</td></tr><tr><td class="">[10:44:52] ============== 5Dimes ===============</td></tr><tr><td class="">[10:44:52] Note: Using mock file at E:\Dev\www\bfo\app\parsers\mockfeeds\5dimes.xml</td></tr><tr><td class="">[10:44:52] URL (http://lines.5dimes.com/linesfeed/getlinefeeds.aspx?uid=bestfightodds5841&Type=ReducedReplace) fetched OK in 0.02</td></tr><tr><td class="sev-1">[10:44:52] Warning: XML broke!!</td></tr><tr><td class="">[10:44:52] ChangeNum stored OK: 40778985</td></tr><tr><td class="">[10:44:52] Total matched matchups: 33 / 33</td></tr><tr><td class="">[10:44:52] -props:</td></tr><tr><td class="">[10:44:53] First: DEMETRIOUS JOHNSON second: JOHN MORAGA for type 2 
</td></tr><tr><td class="">[10:44:53] First: BENSON HENDERSON second: TJ GRANT for type 2 
</td></tr><tr><td class="">[10:44:53] First: CAIN VELASQUEZ second: JUNIOR DOS SANTOS for type 2 
</td></tr><tr><td class="">[10:44:53] First: CHAN SUNG JUNG second: JOSE ALDO for type 2 
</td></tr><tr><td class="">[10:44:53] First: GLOVER TEIXEIRA second: RYAN BADER for type 2 
</td></tr><tr><td class="">[10:44:53] First: ALEXANDER GUSTAFSSON second: JON JONES for type 2 
</td></tr><tr><td class="">[10:44:53] First: CHAEL SONNEN second: MAURICIO RUA for type 2 
</td></tr><tr><td class="">[10:44:53] First: CARLOS CONDIT second: MARTIN KAMPMANN for type 2 
</td></tr><tr><td class="">[10:44:53] First: MIESHA TATE second: RONDA ROUSEY for type 2 
</td></tr><tr><td class="">[10:44:53] First: GEORGES ST-PIERRE second: JOHNY HENDRICKS for type 2 
</td></tr><tr><td class="">[10:44:53] First: ALDO second: SUNG JUNG for type 1 
</td></tr><tr><td class="">[10:44:53] First: SUNG JUNG second:  for type 3 
</td></tr><tr><td class="">[10:44:53] First: SUNG JUNG second:  for type 3 
</td></tr><tr><td class="">[10:44:53] First: ALDO second: SUNG JUNG for type 1 
</td></tr><tr><td class="">[10:44:53] First: JAKE ELLENBERGER second: RORY MACDONALD for type 2 
</td></tr><tr><td class="">[10:44:53] First: FRANK MIR second: JOSH BARNETT for type 2 
</td></tr><tr><td class="">[10:44:53] First: RONALDO SOUZA second: YUSHIN OKAMI for type 2 
</td></tr><tr><td class="">[10:44:53] First: LYOTO MACHIDA second: PHIL DAVIS for type 2 
</td></tr><tr><td class="">[10:44:53] First: DONALD CERRONE second: RAFAEL DOS ANJOS for type 2 
</td></tr><tr><td class="">[10:44:53] First: ALISTAIR OVEREEM second: TRAVIS BROWNE for type 2 
</td></tr><tr><td class="">[10:44:53] First: URIJAH FABER second: YURI ALCANTARA for type 2 
</td></tr><tr><td class="">[10:44:53] First: BOBBY VOELKER second: ROBBIE LAWLER for type 2 
</td></tr><tr><td class="">[10:44:53] First: JOSEPH BENAVIDEZ second: JUSSIER FORMIGA for type 2 
</td></tr><tr><td class="">[10:44:53] First: CHAD MENDES second: CLAY GUIDA for type 2 
</td></tr><tr><td class="">[10:44:53] First: JESSICA ANDRADE second: LIZ CARMOUCHE for type 2 
</td></tr><tr><td class="">[10:44:53] First: JORGE MASVIDAL second: MICHAEL CHIESA for type 2 
</td></tr><tr><td class="">[10:44:53] First: ANTHONY PEROSH second: VINNY MAGALHAES for type 2 
</td></tr><tr><td class="">[10:44:53] First: MAC DANZIG second: MELVIN GUILLARD for type 2 
</td></tr><tr><td class="">[10:44:53] Total matched props: 72 / 72</td></tr><tr><td class="">[10:44:53] ===== 5Dimes finished in 0.746 =====</td></tr><tr><td>&nbsp;</td></tr><tr><td class="">[10:44:53] End: 2013-07-13 10:44:53</td></tr><tr><td>&nbsp;</td></tr><tr><td class="">[10:44:53] Parsing done. </td></tr><tr><td>&nbsp;</td></tr><tr><td class="">[10:44:53] Cleaning expired alerts. Alerts cleaned: 0</td></tr><tr><td class="">[10:44:53] Checking alerts. Alerts dispatched: 0</td></tr><tr><td>&nbsp;</td></tr><tr><td class="">[10:44:53] Deleting cache: 1</td></tr><tr><td class="">[10:44:53] Old correlations cleaned: 0</td></tr><tr><td class="">[10:44:53] Odds page generated: 1</td></tr><tr><td class="">[10:44:53] XML feed generated: 1</td></tr><tr><td class="">[10:44:53] Tweeted new matchups/events: 0 of 0</td></tr><tr><td>&nbsp;</td></tr><tr><td class="">[10:44:53] Parsing/alerting/generating/twittering done!</td></tr>