<table class="logTable"><tr><td class="">[10:29:04] Start: 2013-07-13 10:29:04</td></tr><tr><td>&nbsp;</td></tr><tr><td class="">[10:29:05] ============== 5Dimes ===============</td></tr><tr><td class="">[10:29:05] Note: Using mock file at E:\Dev\www\bfo\app\parsers\mockfeeds\5dimes.xml</td></tr><tr><td class="">[10:29:05] URL (http://lines.5dimes.com/linesfeed/getlinefeeds.aspx?uid=bestfightodds5841&Type=ReducedReplace) fetched OK in 0.013</td></tr><tr><td class="sev-1">[10:29:05] Warning: XML broke!!</td></tr><tr><td class="">[10:29:05] ChangeNum stored OK: 40778985</td></tr><tr><td class="">[10:29:05] Total matched matchups: 33 / 33</td></tr><tr><td class="">[10:29:05] -props:</td></tr><table class="logTable"><tr><td class="">[10:29:17] Start: 2013-07-13 10:29:17</td></tr><tr><td>&nbsp;</td></tr><tr><td class="">[10:29:18] ============== 5Dimes ===============</td></tr><tr><td class="">[10:29:18] Note: Using mock file at E:\Dev\www\bfo\app\parsers\mockfeeds\5dimes.xml</td></tr><tr><td class="">[10:29:18] URL (http://lines.5dimes.com/linesfeed/getlinefeeds.aspx?uid=bestfightodds5841&Type=ReducedReplace) fetched OK in 0.02</td></tr><tr><td class="sev-1">[10:29:18] Warning: XML broke!!</td></tr><tr><td class="">[10:29:18] ChangeNum stored OK: 40778985</td></tr><tr><td class="">[10:29:18] Total matched matchups: 33 / 33</td></tr><tr><td class="">[10:29:18] -props:</td></tr><tr><td class="">[10:29:18] First: DEMETRIOUS JOHNSON second: JOHN MORAGA for type 2 
</td></tr><tr><td class="">[10:29:18] First: BENSON HENDERSON second: TJ GRANT for type 2 
</td></tr><tr><td class="">[10:29:18] First: CAIN VELASQUEZ second: JUNIOR DOS SANTOS for type 2 
</td></tr><tr><td class="">[10:29:18] First: CHAN SUNG JUNG second: JOSE ALDO for type 2 
</td></tr><tr><td class="">[10:29:18] First: GLOVER TEIXEIRA second: RYAN BADER for type 2 
</td></tr><tr><td class="">[10:29:18] First: ALEXANDER GUSTAFSSON second: JON JONES for type 2 
</td></tr><tr><td class="">[10:29:18] First: CHAEL SONNEN second: MAURICIO RUA for type 2 
</td></tr><tr><td class="">[10:29:18] First: CARLOS CONDIT second: MARTIN KAMPMANN for type 2 
</td></tr><tr><td class="">[10:29:18] First: MIESHA TATE second: RONDA ROUSEY for type 2 
</td></tr><tr><td class="">[10:29:18] First: GEORGES ST-PIERRE second: JOHNY HENDRICKS for type 2 
</td></tr><tr><td class="">[10:29:18] First: ALDO second: SUNG JUNG for type 2 
</td></tr><tr><td class="sev-1">[10:29:18] ---No matchup found for prop values FIGHT WON'T GO 5 ROUND DISTANCE vs SUNG JUNG/ALDO GOES 5 ROUND DISTANCE (Template 30 expecting ft: josh koscheck vs dan miller) [<a href="?p=addManualPropCorrelation&inBookieID=1&inCorrelation=SUNG JUNG/ALDO GOES 5 ROUND DISTANCE">link manually</a>]</td></tr><tr><td class="">[10:29:18] First: SUNG JUNG second:  for type 4 
</td></tr><tr><td class="sev-1">[10:29:18] ---No matchup found for prop values NOT SUNG JUNG INSIDE DISTANCE vs SUNG JUNG WINS INSIDE DISTANCE (Template 2 expecting ft: josh koscheck) [<a href="?p=addManualPropCorrelation&inBookieID=1&inCorrelation=SUNG JUNG WINS INSIDE DISTANCE">link manually</a>]</td></tr><tr><td class="">[10:29:18] First: SUNG JUNG second:  for type 4 
</td></tr><tr><td class="sev-1">[10:29:18] ---No matchup found for prop values NOT SUNG JUNG BY 5 ROUND DECISION vs SUNG JUNG WINS BY 5 ROUND DECISION (Template 29 expecting ft: josh koscheck) [<a href="?p=addManualPropCorrelation&inBookieID=1&inCorrelation=SUNG JUNG WINS BY 5 ROUND DECISION">link manually</a>]</td></tr><tr><td class="">[10:29:18] First: ALDO second: SUNG JUNG for type 2 
</td></tr><tr><td class="sev-1">[10:29:18] ---No matchup found for prop values FIGHT NOT A DRAW vs SUNG JUNG/ALDO DRAW (Template 4 expecting ft: josh koscheck vs dan miller) [<a href="?p=addManualPropCorrelation&inBookieID=1&inCorrelation=SUNG JUNG/ALDO DRAW">link manually</a>]</td></tr><tr><td class="">[10:29:18] First: JAKE ELLENBERGER second: RORY MACDONALD for type 2 
</td></tr><tr><td class="">[10:29:18] First: FRANK MIR second: JOSH BARNETT for type 2 
</td></tr><tr><td class="">[10:29:18] First: RONALDO SOUZA second: YUSHIN OKAMI for type 2 
</td></tr><tr><td class="">[10:29:18] First: LYOTO MACHIDA second: PHIL DAVIS for type 2 
</td></tr><tr><td class="">[10:29:18] First: DONALD CERRONE second: RAFAEL DOS ANJOS for type 2 
</td></tr><tr><td class="">[10:29:18] First: ALISTAIR OVEREEM second: TRAVIS BROWNE for type 2 
</td></tr><tr><td class="">[10:29:18] First: URIJAH FABER second: YURI ALCANTARA for type 2 
</td></tr><tr><td class="">[10:29:18] First: BOBBY VOELKER second: ROBBIE LAWLER for type 2 
</td></tr><tr><td class="">[10:29:18] First: JOSEPH BENAVIDEZ second: JUSSIER FORMIGA for type 2 
</td></tr><tr><td class="">[10:29:18] First: CHAD MENDES second: CLAY GUIDA for type 2 
</td></tr><tr><td class="">[10:29:18] First: JESSICA ANDRADE second: LIZ CARMOUCHE for type 2 
</td></tr><tr><td class="">[10:29:18] First: JORGE MASVIDAL second: MICHAEL CHIESA for type 2 
</td></tr><tr><td class="">[10:29:18] First: ANTHONY PEROSH second: VINNY MAGALHAES for type 2 
</td></tr><tr><td class="">[10:29:18] First: MAC DANZIG second: MELVIN GUILLARD for type 2 
</td></tr><tr><td class="">[10:29:18] Total matched props: 68 / 72</td></tr><tr><td class="">[10:29:18] ===== 5Dimes finished in 0.663 =====</td></tr><tr><td>&nbsp;</td></tr><tr><td class="">[10:29:18] End: 2013-07-13 10:29:18</td></tr><tr><td>&nbsp;</td></tr><tr><td class="">[10:29:18] Parsing done. </td></tr><tr><td>&nbsp;</td></tr><tr><td class="">[10:29:18] Cleaning expired alerts. Alerts cleaned: 0</td></tr><tr><td class="">[10:29:18] Checking alerts. Alerts dispatched: 0</td></tr><tr><td>&nbsp;</td></tr><tr><td class="">[10:29:18] Deleting cache: 1</td></tr><tr><td class="">[10:29:18] Old correlations cleaned: 0</td></tr><tr><td class="">[10:29:19] Odds page generated: 1</td></tr><tr><td class="">[10:29:19] XML feed generated: 1</td></tr><tr><td class="">[10:29:19] Tweeted new matchups/events: 0 of 0</td></tr><tr><td>&nbsp;</td></tr><tr><td class="">[10:29:19] Parsing/alerting/generating/twittering done!</td></tr>