<table class="logTable"><tr><td class="">[10:31:38] Start: 2013-07-13 10:31:38</td></tr><tr><td>&nbsp;</td></tr><tr><td class="">[10:31:39] ============== 5Dimes ===============</td></tr><tr><td class="">[10:31:39] Note: Using mock file at E:\Dev\www\bfo\app\parsers\mockfeeds\5dimes.xml</td></tr><tr><td class="">[10:31:39] URL (http://lines.5dimes.com/linesfeed/getlinefeeds.aspx?uid=bestfightodds5841&Type=ReducedReplace) fetched OK in 0.02</td></tr><tr><td class="sev-1">[10:31:39] Warning: XML broke!!</td></tr><tr><td class="">[10:31:39] ChangeNum stored OK: 40778985</td></tr><tr><td class="">[10:31:40] Total matched matchups: 33 / 33</td></tr><tr><td class="">[10:31:40] -props:</td></tr><tr><td class="">[10:31:40] First: DEMETRIOUS JOHNSON second: JOHN MORAGA for type 2 
</td></tr><tr><td class="">[10:31:40] First: BENSON HENDERSON second: TJ GRANT for type 2 
</td></tr><tr><td class="">[10:31:40] First: CAIN VELASQUEZ second: JUNIOR DOS SANTOS for type 2 
</td></tr><tr><td class="">[10:31:40] First: CHAN SUNG JUNG second: JOSE ALDO for type 2 
</td></tr><tr><td class="">[10:31:40] First: GLOVER TEIXEIRA second: RYAN BADER for type 2 
</td></tr><tr><td class="">[10:31:40] First: ALEXANDER GUSTAFSSON second: JON JONES for type 2 
</td></tr><tr><td class="">[10:31:40] First: CHAEL SONNEN second: MAURICIO RUA for type 2 
</td></tr><tr><td class="">[10:31:40] First: CARLOS CONDIT second: MARTIN KAMPMANN for type 2 
</td></tr><tr><td class="">[10:31:40] First: MIESHA TATE second: RONDA ROUSEY for type 2 
</td></tr><tr><td class="">[10:31:40] First: GEORGES ST-PIERRE second: JOHNY HENDRICKS for type 2 
</td></tr><tr><td class="">[10:31:40] First: ALDO second: SUNG JUNG for type 2 
</td></tr><tr><td class="sev-1">[10:31:40] ---No matchup found for prop values FIGHT WON'T GO 5 ROUND DISTANCE vs SUNG JUNG/ALDO GOES 5 ROUND DISTANCE (Template 30 expecting ft: josh koscheck vs dan miller) [<a href="?p=addManualPropCorrelation&inBookieID=1&inCorrelation=SUNG JUNG/ALDO GOES 5 ROUND DISTANCE">link manually</a>]</td></tr><tr><td class="">[10:31:40] First: SUNG JUNG second:  for type 4 
</td></tr><tr><td class="sev-1">[10:31:40] ---No matchup found for prop values NOT SUNG JUNG INSIDE DISTANCE vs SUNG JUNG WINS INSIDE DISTANCE (Template 2 expecting ft: josh koscheck) [<a href="?p=addManualPropCorrelation&inBookieID=1&inCorrelation=SUNG JUNG WINS INSIDE DISTANCE">link manually</a>]</td></tr><tr><td class="">[10:31:40] First: SUNG JUNG second:  for type 4 
</td></tr><tr><td class="sev-1">[10:31:40] ---No matchup found for prop values NOT SUNG JUNG BY 5 ROUND DECISION vs SUNG JUNG WINS BY 5 ROUND DECISION (Template 29 expecting ft: josh koscheck) [<a href="?p=addManualPropCorrelation&inBookieID=1&inCorrelation=SUNG JUNG WINS BY 5 ROUND DECISION">link manually</a>]</td></tr><tr><td class="">[10:31:40] First: ALDO second: SUNG JUNG for type 2 
</td></tr><tr><td class="sev-1">[10:31:40] ---No matchup found for prop values FIGHT NOT A DRAW vs SUNG JUNG/ALDO DRAW (Template 4 expecting ft: josh koscheck vs dan miller) [<a href="?p=addManualPropCorrelation&inBookieID=1&inCorrelation=SUNG JUNG/ALDO DRAW">link manually</a>]</td></tr><tr><td class="">[10:31:40] First: JAKE ELLENBERGER second: RORY MACDONALD for type 2 
</td></tr><tr><td class="">[10:31:40] First: FRANK MIR second: JOSH BARNETT for type 2 
</td></tr><tr><td class="">[10:31:40] First: RONALDO SOUZA second: YUSHIN OKAMI for type 2 
</td></tr><tr><td class="">[10:31:40] First: LYOTO MACHIDA second: PHIL DAVIS for type 2 
</td></tr><tr><td class="">[10:31:40] First: DONALD CERRONE second: RAFAEL DOS ANJOS for type 2 
</td></tr><tr><td class="">[10:31:40] First: ALISTAIR OVEREEM second: TRAVIS BROWNE for type 2 
</td></tr><tr><td class="">[10:31:40] First: URIJAH FABER second: YURI ALCANTARA for type 2 
</td></tr><tr><td class="">[10:31:40] First: BOBBY VOELKER second: ROBBIE LAWLER for type 2 
</td></tr><tr><td class="">[10:31:40] First: JOSEPH BENAVIDEZ second: JUSSIER FORMIGA for type 2 
</td></tr><tr><td class="">[10:31:40] First: CHAD MENDES second: CLAY GUIDA for type 2 
</td></tr><tr><td class="">[10:31:40] First: JESSICA ANDRADE second: LIZ CARMOUCHE for type 2 
</td></tr><tr><td class="">[10:31:40] First: JORGE MASVIDAL second: MICHAEL CHIESA for type 2 
</td></tr><tr><td class="">[10:31:40] First: ANTHONY PEROSH second: VINNY MAGALHAES for type 2 
</td></tr><tr><td class="">[10:31:40] First: MAC DANZIG second: MELVIN GUILLARD for type 2 
</td></tr><tr><td class="">[10:31:40] Total matched props: 68 / 72</td></tr><tr><td class="">[10:31:40] ===== 5Dimes finished in 0.637 =====</td></tr><tr><td>&nbsp;</td></tr><tr><td class="">[10:31:40] End: 2013-07-13 10:31:40</td></tr><tr><td>&nbsp;</td></tr><tr><td class="">[10:31:40] Parsing done. </td></tr><tr><td>&nbsp;</td></tr><tr><td class="">[10:31:40] Cleaning expired alerts. Alerts cleaned: 0</td></tr><tr><td class="">[10:31:40] Checking alerts. Alerts dispatched: 0</td></tr><tr><td>&nbsp;</td></tr><tr><td class="">[10:31:40] Deleting cache: 1</td></tr><tr><td class="">[10:31:40] Old correlations cleaned: 0</td></tr><tr><td class="">[10:31:41] Odds page generated: 1</td></tr><tr><td class="">[10:31:41] XML feed generated: 1</td></tr><tr><td class="">[10:31:41] Tweeted new matchups/events: 0 of 0</td></tr><tr><td>&nbsp;</td></tr><tr><td class="">[10:31:41] Parsing/alerting/generating/twittering done!</td></tr>