<table class="logTable"><tr><td class="">[10:34:06] Start: 2013-07-13 10:34:06</td></tr><tr><td>&nbsp;</td></tr><tr><td class="">[10:34:07] ============== 5Dimes ===============</td></tr><tr><td class="">[10:34:07] Note: Using mock file at E:\Dev\www\bfo\app\parsers\mockfeeds\5dimes.xml</td></tr><tr><td class="">[10:34:07] URL (http://lines.5dimes.com/linesfeed/getlinefeeds.aspx?uid=bestfightodds5841&Type=ReducedReplace) fetched OK in 0.02</td></tr><tr><td class="sev-1">[10:34:07] Warning: XML broke!!</td></tr><tr><td class="">[10:34:07] ChangeNum stored OK: 40778985</td></tr><tr><td class="">[10:34:08] Total matched matchups: 33 / 33</td></tr><tr><td class="">[10:34:08] -props:</td></tr><tr><td class="">[10:34:08] First: DEMETRIOUS JOHNSON second: JOHN MORAGA for type 2 
</td></tr><tr><td class="">[10:34:08] First: BENSON HENDERSON second: TJ GRANT for type 2 
</td></tr><tr><td class="">[10:34:08] First: CAIN VELASQUEZ second: JUNIOR DOS SANTOS for type 2 
</td></tr><tr><td class="">[10:34:08] First: CHAN SUNG JUNG second: JOSE ALDO for type 2 
</td></tr><tr><td class="">[10:34:08] First: GLOVER TEIXEIRA second: RYAN BADER for type 2 
</td></tr><tr><td class="">[10:34:08] First: ALEXANDER GUSTAFSSON second: JON JONES for type 2 
</td></tr><tr><td class="">[10:34:08] First: CHAEL SONNEN second: MAURICIO RUA for type 2 
</td></tr><tr><td class="">[10:34:08] First: CARLOS CONDIT second: MARTIN KAMPMANN for type 2 
</td></tr><tr><td class="">[10:34:08] First: MIESHA TATE second: RONDA ROUSEY for type 2 
</td></tr><tr><td class="">[10:34:08] First: GEORGES ST-PIERRE second: JOHNY HENDRICKS for type 2 
</td></tr><tr><td class="">[10:34:08] First: ALDO second: SUNG JUNG for type 1 
</td></tr><tr><td class="">[10:34:08] First: SUNG JUNG second:  for type 4 
</td></tr><tr><td class="sev-1">[10:34:08] ---No matchup found for prop values NOT SUNG JUNG INSIDE DISTANCE vs SUNG JUNG WINS INSIDE DISTANCE (Template 2 expecting ft: josh koscheck) [<a href="?p=addManualPropCorrelation&inBookieID=1&inCorrelation=SUNG JUNG WINS INSIDE DISTANCE">link manually</a>]</td></tr><tr><td class="">[10:34:08] First: SUNG JUNG second:  for type 4 
</td></tr><tr><td class="sev-1">[10:34:08] ---No matchup found for prop values NOT SUNG JUNG BY 5 ROUND DECISION vs SUNG JUNG WINS BY 5 ROUND DECISION (Template 29 expecting ft: josh koscheck) [<a href="?p=addManualPropCorrelation&inBookieID=1&inCorrelation=SUNG JUNG WINS BY 5 ROUND DECISION">link manually</a>]</td></tr><tr><td class="">[10:34:08] First: ALDO second: SUNG JUNG for type 1 
</td></tr><tr><td class="">[10:34:08] First: JAKE ELLENBERGER second: RORY MACDONALD for type 2 
</td></tr><tr><td class="">[10:34:08] First: FRANK MIR second: JOSH BARNETT for type 2 
</td></tr><tr><td class="">[10:34:08] First: RONALDO SOUZA second: YUSHIN OKAMI for type 2 
</td></tr><tr><td class="">[10:34:08] First: LYOTO MACHIDA second: PHIL DAVIS for type 2 
</td></tr><tr><td class="">[10:34:08] First: DONALD CERRONE second: RAFAEL DOS ANJOS for type 2 
</td></tr><tr><td class="">[10:34:08] First: ALISTAIR OVEREEM second: TRAVIS BROWNE for type 2 
</td></tr><tr><td class="">[10:34:08] First: URIJAH FABER second: YURI ALCANTARA for type 2 
</td></tr><tr><td class="">[10:34:08] First: BOBBY VOELKER second: ROBBIE LAWLER for type 2 
</td></tr><tr><td class="">[10:34:08] First: JOSEPH BENAVIDEZ second: JUSSIER FORMIGA for type 2 
</td></tr><tr><td class="">[10:34:08] First: CHAD MENDES second: CLAY GUIDA for type 2 
</td></tr><tr><td class="">[10:34:08] First: JESSICA ANDRADE second: LIZ CARMOUCHE for type 2 
</td></tr><tr><td class="">[10:34:08] First: JORGE MASVIDAL second: MICHAEL CHIESA for type 2 
</td></tr><tr><td class="">[10:34:08] First: ANTHONY PEROSH second: VINNY MAGALHAES for type 2 
</td></tr><tr><td class="">[10:34:08] First: MAC DANZIG second: MELVIN GUILLARD for type 2 
</td></tr><tr><td class="">[10:34:08] Total matched props: 70 / 72</td></tr><tr><td class="">[10:34:08] ===== 5Dimes finished in 0.663 =====</td></tr><tr><td>&nbsp;</td></tr><tr><td class="">[10:34:08] End: 2013-07-13 10:34:08</td></tr><tr><td>&nbsp;</td></tr><tr><td class="">[10:34:08] Parsing done. </td></tr><tr><td>&nbsp;</td></tr><tr><td class="">[10:34:08] Cleaning expired alerts. Alerts cleaned: 0</td></tr><tr><td class="">[10:34:08] Checking alerts. Alerts dispatched: 0</td></tr><tr><td>&nbsp;</td></tr><tr><td class="">[10:34:08] Deleting cache: 1</td></tr><tr><td class="">[10:34:08] Old correlations cleaned: 0</td></tr><tr><td class="">[10:34:08] Odds page generated: 1</td></tr><tr><td class="">[10:34:08] XML feed generated: 1</td></tr><tr><td class="">[10:34:08] Tweeted new matchups/events: 0 of 0</td></tr><tr><td>&nbsp;</td></tr><tr><td class="">[10:34:08] Parsing/alerting/generating/twittering done!</td></tr><table class="logTable"><tr><td class="">[10:34:24] Start: 2013-07-13 10:34:24</td></tr><tr><td>&nbsp;</td></tr><tr><td class="">[10:34:25] ============== 5Dimes ===============</td></tr><tr><td class="">[10:34:25] Note: Using mock file at E:\Dev\www\bfo\app\parsers\mockfeeds\5dimes.xml</td></tr><tr><td class="">[10:34:25] URL (http://lines.5dimes.com/linesfeed/getlinefeeds.aspx?uid=bestfightodds5841&Type=ReducedReplace) fetched OK in 0.021</td></tr><tr><td class="sev-1">[10:34:25] Warning: XML broke!!</td></tr><tr><td class="">[10:34:25] ChangeNum stored OK: 40778985</td></tr><tr><td class="">[10:34:26] Total matched matchups: 33 / 33</td></tr><tr><td class="">[10:34:26] -props:</td></tr><tr><td class="">[10:34:26] First: DEMETRIOUS JOHNSON second: JOHN MORAGA for type 2 
</td></tr><tr><td class="">[10:34:26] First: BENSON HENDERSON second: TJ GRANT for type 2 
</td></tr><tr><td class="">[10:34:26] First: CAIN VELASQUEZ second: JUNIOR DOS SANTOS for type 2 
</td></tr><tr><td class="">[10:34:26] First: CHAN SUNG JUNG second: JOSE ALDO for type 2 
</td></tr><tr><td class="">[10:34:26] First: GLOVER TEIXEIRA second: RYAN BADER for type 2 
</td></tr><tr><td class="">[10:34:26] First: ALEXANDER GUSTAFSSON second: JON JONES for type 2 
</td></tr><tr><td class="">[10:34:26] First: CHAEL SONNEN second: MAURICIO RUA for type 2 
</td></tr><tr><td class="">[10:34:26] First: CARLOS CONDIT second: MARTIN KAMPMANN for type 2 
</td></tr><tr><td class="">[10:34:26] First: MIESHA TATE second: RONDA ROUSEY for type 2 
</td></tr><tr><td class="">[10:34:26] First: GEORGES ST-PIERRE second: JOHNY HENDRICKS for type 2 
</td></tr><tr><td class="">[10:34:26] First: ALDO second: SUNG JUNG for type 1 
</td></tr><tr><td class="">[10:34:26] First: SUNG JUNG second:  for type 4 
</td></tr><tr><td class="sev-1">[10:34:26] ---No matchup found for prop values NOT SUNG JUNG INSIDE DISTANCE vs SUNG JUNG WINS INSIDE DISTANCE (Template 2 expecting ft: josh koscheck) [<a href="?p=addManualPropCorrelation&inBookieID=1&inCorrelation=SUNG JUNG WINS INSIDE DISTANCE">link manually</a>]</td></tr><tr><td class="">[10:34:26] First: SUNG JUNG second:  for type 4 
</td></tr><tr><td class="sev-1">[10:34:26] ---No matchup found for prop values NOT SUNG JUNG BY 5 ROUND DECISION vs SUNG JUNG WINS BY 5 ROUND DECISION (Template 29 expecting ft: josh koscheck) [<a href="?p=addManualPropCorrelation&inBookieID=1&inCorrelation=SUNG JUNG WINS BY 5 ROUND DECISION">link manually</a>]</td></tr><tr><td class="">[10:34:26] First: ALDO second: SUNG JUNG for type 1 
</td></tr><tr><td class="">[10:34:26] First: JAKE ELLENBERGER second: RORY MACDONALD for type 2 
</td></tr><tr><td class="">[10:34:26] First: FRANK MIR second: JOSH BARNETT for type 2 
</td></tr><tr><td class="">[10:34:26] First: RONALDO SOUZA second: YUSHIN OKAMI for type 2 
</td></tr><tr><td class="">[10:34:26] First: LYOTO MACHIDA second: PHIL DAVIS for type 2 
</td></tr><tr><td class="">[10:34:26] First: DONALD CERRONE second: RAFAEL DOS ANJOS for type 2 
</td></tr><tr><td class="">[10:34:26] First: ALISTAIR OVEREEM second: TRAVIS BROWNE for type 2 
</td></tr><tr><td class="">[10:34:26] First: URIJAH FABER second: YURI ALCANTARA for type 2 
</td></tr><tr><td class="">[10:34:26] First: BOBBY VOELKER second: ROBBIE LAWLER for type 2 
</td></tr><tr><td class="">[10:34:26] First: JOSEPH BENAVIDEZ second: JUSSIER FORMIGA for type 2 
</td></tr><tr><td class="">[10:34:26] First: CHAD MENDES second: CLAY GUIDA for type 2 
</td></tr><tr><td class="">[10:34:26] First: JESSICA ANDRADE second: LIZ CARMOUCHE for type 2 
</td></tr><tr><td class="">[10:34:26] First: JORGE MASVIDAL second: MICHAEL CHIESA for type 2 
</td></tr><tr><td class="">[10:34:26] First: ANTHONY PEROSH second: VINNY MAGALHAES for type 2 
</td></tr><tr><td class="">[10:34:26] First: MAC DANZIG second: MELVIN GUILLARD for type 2 
</td></tr><tr><td class="">[10:34:26] Total matched props: 70 / 72</td></tr><tr><td class="">[10:34:26] ===== 5Dimes finished in 0.664 =====</td></tr><tr><td>&nbsp;</td></tr><tr><td class="">[10:34:26] End: 2013-07-13 10:34:26</td></tr><tr><td>&nbsp;</td></tr><tr><td class="">[10:34:26] Parsing done. </td></tr><tr><td>&nbsp;</td></tr><tr><td class="">[10:34:26] Cleaning expired alerts. Alerts cleaned: 0</td></tr><tr><td class="">[10:34:26] Checking alerts. Alerts dispatched: 0</td></tr><tr><td>&nbsp;</td></tr><tr><td class="">[10:34:26] Deleting cache: 1</td></tr><tr><td class="">[10:34:26] Old correlations cleaned: 0</td></tr><tr><td class="">[10:34:26] Odds page generated: 1</td></tr><tr><td class="">[10:34:26] XML feed generated: 1</td></tr><tr><td class="">[10:34:27] Tweeted new matchups/events: 0 of 0</td></tr><tr><td>&nbsp;</td></tr><tr><td class="">[10:34:27] Parsing/alerting/generating/twittering done!</td></tr>