<table class="logTable"><tr><td class="">[10:32:11] Start: 2013-07-13 10:32:11</td></tr><tr><td>&nbsp;</td></tr><tr><td class="">[10:32:12] ============== 5Dimes ===============</td></tr><tr><td class="">[10:32:12] Note: Using mock file at E:\Dev\www\bfo\app\parsers\mockfeeds\5dimes.xml</td></tr><tr><td class="">[10:32:12] URL (http://lines.5dimes.com/linesfeed/getlinefeeds.aspx?uid=bestfightodds5841&Type=ReducedReplace) fetched OK in 0.021</td></tr><tr><td class="sev-1">[10:32:12] Warning: XML broke!!</td></tr><tr><td class="">[10:32:12] ChangeNum stored OK: 40778985</td></tr><tr><td class="">[10:32:13] Total matched matchups: 33 / 33</td></tr><tr><td class="">[10:32:13] -props:</td></tr><tr><td class="">[10:32:13] First: DEMETRIOUS JOHNSON second: JOHN MORAGA for type 2 
</td></tr><tr><td class="">[10:32:13] First: BENSON HENDERSON second: TJ GRANT for type 2 
</td></tr><tr><td class="">[10:32:13] First: CAIN VELASQUEZ second: JUNIOR DOS SANTOS for type 2 
</td></tr><tr><td class="">[10:32:13] First: CHAN SUNG JUNG second: JOSE ALDO for type 2 
</td></tr><tr><td class="">[10:32:13] First: GLOVER TEIXEIRA second: RYAN BADER for type 2 
</td></tr><tr><td class="">[10:32:13] First: ALEXANDER GUSTAFSSON second: JON JONES for type 2 
</td></tr><tr><td class="">[10:32:13] First: CHAEL SONNEN second: MAURICIO RUA for type 2 
</td></tr><tr><td class="">[10:32:13] First: CARLOS CONDIT second: MARTIN KAMPMANN for type 2 
</td></tr><tr><td class="">[10:32:13] First: MIESHA TATE second: RONDA ROUSEY for type 2 
</td></tr><tr><td class="">[10:32:13] First: GEORGES ST-PIERRE second: JOHNY HENDRICKS for type 2 
</td></tr><tr><td class="">[10:32:13] First: ALDO second: SUNG JUNG for type 2 
</td></tr><tr><td class="sev-1">[10:32:13] ---No matchup found for prop values FIGHT WON'T GO 5 ROUND DISTANCE vs SUNG JUNG/ALDO GOES 5 ROUND DISTANCE (Template 30 expecting ft: josh koscheck vs dan miller) [<a href="?p=addManualPropCorrelation&inBookieID=1&inCorrelation=SUNG JUNG/ALDO GOES 5 ROUND DISTANCE">link manually</a>]</td></tr><tr><td class="">[10:32:13] First: SUNG JUNG second:  for type 4 
</td></tr><tr><td class="sev-1">[10:32:13] ---No matchup found for prop values NOT SUNG JUNG INSIDE DISTANCE vs SUNG JUNG WINS INSIDE DISTANCE (Template 2 expecting ft: josh koscheck) [<a href="?p=addManualPropCorrelation&inBookieID=1&inCorrelation=SUNG JUNG WINS INSIDE DISTANCE">link manually</a>]</td></tr><tr><td class="">[10:32:13] First: SUNG JUNG second:  for type 4 
</td></tr><tr><td class="sev-1">[10:32:13] ---No matchup found for prop values NOT SUNG JUNG BY 5 ROUND DECISION vs SUNG JUNG WINS BY 5 ROUND DECISION (Template 29 expecting ft: josh koscheck) [<a href="?p=addManualPropCorrelation&inBookieID=1&inCorrelation=SUNG JUNG WINS BY 5 ROUND DECISION">link manually</a>]</td></tr><tr><td class="">[10:32:13] First: ALDO second: SUNG JUNG for type 2 
</td></tr><tr><td class="sev-1">[10:32:13] ---No matchup found for prop values FIGHT NOT A DRAW vs SUNG JUNG/ALDO DRAW (Template 4 expecting ft: josh koscheck vs dan miller) [<a href="?p=addManualPropCorrelation&inBookieID=1&inCorrelation=SUNG JUNG/ALDO DRAW">link manually</a>]</td></tr><tr><td class="">[10:32:13] First: JAKE ELLENBERGER second: RORY MACDONALD for type 2 
</td></tr><tr><td class="">[10:32:13] First: FRANK MIR second: JOSH BARNETT for type 2 
</td></tr><tr><td class="">[10:32:13] First: RONALDO SOUZA second: YUSHIN OKAMI for type 2 
</td></tr><tr><td class="">[10:32:13] First: LYOTO MACHIDA second: PHIL DAVIS for type 2 
</td></tr><tr><td class="">[10:32:13] First: DONALD CERRONE second: RAFAEL DOS ANJOS for type 2 
</td></tr><tr><td class="">[10:32:13] First: ALISTAIR OVEREEM second: TRAVIS BROWNE for type 2 
</td></tr><tr><td class="">[10:32:13] First: URIJAH FABER second: YURI ALCANTARA for type 2 
</td></tr><tr><td class="">[10:32:13] First: BOBBY VOELKER second: ROBBIE LAWLER for type 2 
</td></tr><tr><td class="">[10:32:13] First: JOSEPH BENAVIDEZ second: JUSSIER FORMIGA for type 2 
</td></tr><tr><td class="">[10:32:13] First: CHAD MENDES second: CLAY GUIDA for type 2 
</td></tr><tr><td class="">[10:32:13] First: JESSICA ANDRADE second: LIZ CARMOUCHE for type 2 
</td></tr><tr><td class="">[10:32:13] First: JORGE MASVIDAL second: MICHAEL CHIESA for type 2 
</td></tr><tr><td class="">[10:32:13] First: ANTHONY PEROSH second: VINNY MAGALHAES for type 2 
</td></tr><tr><td class="">[10:32:13] First: MAC DANZIG second: MELVIN GUILLARD for type 2 
</td></tr><tr><td class="">[10:32:13] Total matched props: 68 / 72</td></tr><tr><td class="">[10:32:13] ===== 5Dimes finished in 0.643 =====</td></tr><tr><td>&nbsp;</td></tr><tr><td class="">[10:32:13] End: 2013-07-13 10:32:13</td></tr><tr><td>&nbsp;</td></tr><tr><td class="">[10:32:13] Parsing done. </td></tr><tr><td>&nbsp;</td></tr><tr><td class="">[10:32:13] Cleaning expired alerts. Alerts cleaned: 0</td></tr><tr><td class="">[10:32:13] Checking alerts. Alerts dispatched: 0</td></tr><tr><td>&nbsp;</td></tr><tr><td class="">[10:32:13] Deleting cache: 1</td></tr><tr><td class="">[10:32:13] Old correlations cleaned: 0</td></tr><tr><td class="">[10:32:14] Odds page generated: 1</td></tr><tr><td class="">[10:32:14] XML feed generated: 1</td></tr><tr><td class="">[10:32:14] Tweeted new matchups/events: 0 of 0</td></tr><tr><td>&nbsp;</td></tr><tr><td class="">[10:32:14] Parsing/alerting/generating/twittering done!</td></tr><table class="logTable"><tr><td class="">[10:32:19] Start: 2013-07-13 10:32:19</td></tr><tr><td>&nbsp;</td></tr><tr><td class="">[10:32:20] ============== 5Dimes ===============</td></tr><tr><td class="">[10:32:20] Note: Using mock file at E:\Dev\www\bfo\app\parsers\mockfeeds\5dimes.xml</td></tr><tr><td class="">[10:32:20] URL (http://lines.5dimes.com/linesfeed/getlinefeeds.aspx?uid=bestfightodds5841&Type=ReducedReplace) fetched OK in 0.02</td></tr><tr><td class="sev-1">[10:32:20] Warning: XML broke!!</td></tr><tr><td class="">[10:32:20] ChangeNum stored OK: 40778985</td></tr><tr><td class="">[10:32:21] Total matched matchups: 33 / 33</td></tr><tr><td class="">[10:32:21] -props:</td></tr><tr><td class="">[10:32:21] First: DEMETRIOUS JOHNSON second: JOHN MORAGA for type 2 
</td></tr><tr><td class="">[10:32:21] First: BENSON HENDERSON second: TJ GRANT for type 2 
</td></tr><tr><td class="">[10:32:21] First: CAIN VELASQUEZ second: JUNIOR DOS SANTOS for type 2 
</td></tr><tr><td class="">[10:32:21] First: CHAN SUNG JUNG second: JOSE ALDO for type 2 
</td></tr><tr><td class="">[10:32:21] First: GLOVER TEIXEIRA second: RYAN BADER for type 2 
</td></tr><tr><td class="">[10:32:21] First: ALEXANDER GUSTAFSSON second: JON JONES for type 2 
</td></tr><tr><td class="">[10:32:21] First: CHAEL SONNEN second: MAURICIO RUA for type 2 
</td></tr><tr><td class="">[10:32:21] First: CARLOS CONDIT second: MARTIN KAMPMANN for type 2 
</td></tr><tr><td class="">[10:32:21] First: MIESHA TATE second: RONDA ROUSEY for type 2 
</td></tr><tr><td class="">[10:32:21] First: GEORGES ST-PIERRE second: JOHNY HENDRICKS for type 2 
</td></tr><tr><td class="">[10:32:21] First: ALDO second: SUNG JUNG for type 2 
</td></tr><tr><td class="sev-1">[10:32:21] ---No matchup found for prop values FIGHT WON'T GO 5 ROUND DISTANCE vs SUNG JUNG/ALDO GOES 5 ROUND DISTANCE (Template 30 expecting ft: josh koscheck vs dan miller) [<a href="?p=addManualPropCorrelation&inBookieID=1&inCorrelation=SUNG JUNG/ALDO GOES 5 ROUND DISTANCE">link manually</a>]</td></tr><tr><td class="">[10:32:21] First: SUNG JUNG second:  for type 4 
</td></tr><tr><td class="sev-1">[10:32:21] ---No matchup found for prop values NOT SUNG JUNG INSIDE DISTANCE vs SUNG JUNG WINS INSIDE DISTANCE (Template 2 expecting ft: josh koscheck) [<a href="?p=addManualPropCorrelation&inBookieID=1&inCorrelation=SUNG JUNG WINS INSIDE DISTANCE">link manually</a>]</td></tr><tr><td class="">[10:32:21] First: SUNG JUNG second:  for type 4 
</td></tr><tr><td class="sev-1">[10:32:21] ---No matchup found for prop values NOT SUNG JUNG BY 5 ROUND DECISION vs SUNG JUNG WINS BY 5 ROUND DECISION (Template 29 expecting ft: josh koscheck) [<a href="?p=addManualPropCorrelation&inBookieID=1&inCorrelation=SUNG JUNG WINS BY 5 ROUND DECISION">link manually</a>]</td></tr><tr><td class="">[10:32:21] First: ALDO second: SUNG JUNG for type 2 
</td></tr><tr><td class="sev-1">[10:32:21] ---No matchup found for prop values FIGHT NOT A DRAW vs SUNG JUNG/ALDO DRAW (Template 4 expecting ft: josh koscheck vs dan miller) [<a href="?p=addManualPropCorrelation&inBookieID=1&inCorrelation=SUNG JUNG/ALDO DRAW">link manually</a>]</td></tr><tr><td class="">[10:32:21] First: JAKE ELLENBERGER second: RORY MACDONALD for type 2 
</td></tr><tr><td class="">[10:32:21] First: FRANK MIR second: JOSH BARNETT for type 2 
</td></tr><tr><td class="">[10:32:21] First: RONALDO SOUZA second: YUSHIN OKAMI for type 2 
</td></tr><tr><td class="">[10:32:21] First: LYOTO MACHIDA second: PHIL DAVIS for type 2 
</td></tr><tr><td class="">[10:32:21] First: DONALD CERRONE second: RAFAEL DOS ANJOS for type 2 
</td></tr><tr><td class="">[10:32:21] First: ALISTAIR OVEREEM second: TRAVIS BROWNE for type 2 
</td></tr><tr><td class="">[10:32:21] First: URIJAH FABER second: YURI ALCANTARA for type 2 
</td></tr><tr><td class="">[10:32:21] First: BOBBY VOELKER second: ROBBIE LAWLER for type 2 
</td></tr><tr><td class="">[10:32:21] First: JOSEPH BENAVIDEZ second: JUSSIER FORMIGA for type 2 
</td></tr><tr><td class="">[10:32:21] First: CHAD MENDES second: CLAY GUIDA for type 2 
</td></tr><tr><td class="">[10:32:21] First: JESSICA ANDRADE second: LIZ CARMOUCHE for type 2 
</td></tr><tr><td class="">[10:32:21] First: JORGE MASVIDAL second: MICHAEL CHIESA for type 2 
</td></tr><tr><td class="">[10:32:21] First: ANTHONY PEROSH second: VINNY MAGALHAES for type 2 
</td></tr><tr><td class="">[10:32:21] First: MAC DANZIG second: MELVIN GUILLARD for type 2 
</td></tr><tr><td class="">[10:32:21] Total matched props: 68 / 72</td></tr><tr><td class="">[10:32:21] ===== 5Dimes finished in 0.632 =====</td></tr><tr><td>&nbsp;</td></tr><tr><td class="">[10:32:21] End: 2013-07-13 10:32:21</td></tr><tr><td>&nbsp;</td></tr><tr><td class="">[10:32:21] Parsing done. </td></tr><tr><td>&nbsp;</td></tr><tr><td class="">[10:32:21] Cleaning expired alerts. Alerts cleaned: 0</td></tr><tr><td class="">[10:32:21] Checking alerts. Alerts dispatched: 0</td></tr><tr><td>&nbsp;</td></tr><tr><td class="">[10:32:21] Deleting cache: 1</td></tr><tr><td class="">[10:32:21] Old correlations cleaned: 0</td></tr><tr><td class="">[10:32:21] Odds page generated: 1</td></tr><tr><td class="">[10:32:21] XML feed generated: 1</td></tr><tr><td class="">[10:32:21] Tweeted new matchups/events: 0 of 0</td></tr><tr><td>&nbsp;</td></tr><tr><td class="">[10:32:21] Parsing/alerting/generating/twittering done!</td></tr><table class="logTable"><tr><td class="">[10:32:30] Start: 2013-07-13 10:32:30</td></tr><tr><td>&nbsp;</td></tr><tr><td class="">[10:32:31] ============== 5Dimes ===============</td></tr><tr><td class="">[10:32:31] Note: Using mock file at E:\Dev\www\bfo\app\parsers\mockfeeds\5dimes.xml</td></tr><tr><td class="">[10:32:31] URL (http://lines.5dimes.com/linesfeed/getlinefeeds.aspx?uid=bestfightodds5841&Type=ReducedReplace) fetched OK in 0.02</td></tr><tr><td class="sev-1">[10:32:31] Warning: XML broke!!</td></tr><tr><td class="">[10:32:31] ChangeNum stored OK: 40778985</td></tr><tr><td class="">[10:32:31] Total matched matchups: 33 / 33</td></tr><tr><td class="">[10:32:31] -props:</td></tr><tr><td class="">[10:32:31] First: DEMETRIOUS JOHNSON second: JOHN MORAGA for type 2 
</td></tr><tr><td class="">[10:32:31] First: BENSON HENDERSON second: TJ GRANT for type 2 
</td></tr><tr><td class="">[10:32:31] First: CAIN VELASQUEZ second: JUNIOR DOS SANTOS for type 2 
</td></tr><tr><td class="">[10:32:31] First: CHAN SUNG JUNG second: JOSE ALDO for type 2 
</td></tr><tr><td class="">[10:32:31] First: GLOVER TEIXEIRA second: RYAN BADER for type 2 
</td></tr><tr><td class="">[10:32:31] First: ALEXANDER GUSTAFSSON second: JON JONES for type 2 
</td></tr><tr><td class="">[10:32:31] First: CHAEL SONNEN second: MAURICIO RUA for type 2 
</td></tr><tr><td class="">[10:32:31] First: CARLOS CONDIT second: MARTIN KAMPMANN for type 2 
</td></tr><tr><td class="">[10:32:31] First: MIESHA TATE second: RONDA ROUSEY for type 2 
</td></tr><tr><td class="">[10:32:31] First: GEORGES ST-PIERRE second: JOHNY HENDRICKS for type 2 
</td></tr><tr><td class="">[10:32:31] First: ALDO second: SUNG JUNG for type 2 
</td></tr><tr><td class="sev-1">[10:32:31] ---No matchup found for prop values FIGHT WON'T GO 5 ROUND DISTANCE vs SUNG JUNG/ALDO GOES 5 ROUND DISTANCE (Template 30 expecting ft: josh koscheck vs dan miller) [<a href="?p=addManualPropCorrelation&inBookieID=1&inCorrelation=SUNG JUNG/ALDO GOES 5 ROUND DISTANCE">link manually</a>]</td></tr><tr><td class="">[10:32:31] First: SUNG JUNG second:  for type 4 
</td></tr><tr><td class="sev-1">[10:32:31] ---No matchup found for prop values NOT SUNG JUNG INSIDE DISTANCE vs SUNG JUNG WINS INSIDE DISTANCE (Template 2 expecting ft: josh koscheck) [<a href="?p=addManualPropCorrelation&inBookieID=1&inCorrelation=SUNG JUNG WINS INSIDE DISTANCE">link manually</a>]</td></tr><tr><td class="">[10:32:31] First: SUNG JUNG second:  for type 4 
</td></tr><tr><td class="sev-1">[10:32:31] ---No matchup found for prop values NOT SUNG JUNG BY 5 ROUND DECISION vs SUNG JUNG WINS BY 5 ROUND DECISION (Template 29 expecting ft: josh koscheck) [<a href="?p=addManualPropCorrelation&inBookieID=1&inCorrelation=SUNG JUNG WINS BY 5 ROUND DECISION">link manually</a>]</td></tr><tr><td class="">[10:32:31] First: ALDO second: SUNG JUNG for type 2 
</td></tr><tr><td class="sev-1">[10:32:31] ---No matchup found for prop values FIGHT NOT A DRAW vs SUNG JUNG/ALDO DRAW (Template 4 expecting ft: josh koscheck vs dan miller) [<a href="?p=addManualPropCorrelation&inBookieID=1&inCorrelation=SUNG JUNG/ALDO DRAW">link manually</a>]</td></tr><tr><td class="">[10:32:31] First: JAKE ELLENBERGER second: RORY MACDONALD for type 2 
</td></tr><tr><td class="">[10:32:31] First: FRANK MIR second: JOSH BARNETT for type 2 
</td></tr><tr><td class="">[10:32:31] First: RONALDO SOUZA second: YUSHIN OKAMI for type 2 
</td></tr><tr><td class="">[10:32:31] First: LYOTO MACHIDA second: PHIL DAVIS for type 2 
</td></tr><tr><td class="">[10:32:31] First: DONALD CERRONE second: RAFAEL DOS ANJOS for type 2 
</td></tr><tr><td class="">[10:32:31] First: ALISTAIR OVEREEM second: TRAVIS BROWNE for type 2 
</td></tr><tr><td class="">[10:32:31] First: URIJAH FABER second: YURI ALCANTARA for type 2 
</td></tr><tr><td class="">[10:32:31] First: BOBBY VOELKER second: ROBBIE LAWLER for type 2 
</td></tr><tr><td class="">[10:32:31] First: JOSEPH BENAVIDEZ second: JUSSIER FORMIGA for type 2 
</td></tr><tr><td class="">[10:32:31] First: CHAD MENDES second: CLAY GUIDA for type 2 
</td></tr><tr><td class="">[10:32:31] First: JESSICA ANDRADE second: LIZ CARMOUCHE for type 2 
</td></tr><tr><td class="">[10:32:31] First: JORGE MASVIDAL second: MICHAEL CHIESA for type 2 
</td></tr><tr><td class="">[10:32:31] First: ANTHONY PEROSH second: VINNY MAGALHAES for type 2 
</td></tr><tr><td class="">[10:32:31] First: MAC DANZIG second: MELVIN GUILLARD for type 2 
</td></tr><tr><td class="">[10:32:31] Total matched props: 68 / 72</td></tr><tr><td class="">[10:32:31] ===== 5Dimes finished in 0.635 =====</td></tr><tr><td>&nbsp;</td></tr><tr><td class="">[10:32:31] End: 2013-07-13 10:32:31</td></tr><tr><td>&nbsp;</td></tr><tr><td class="">[10:32:31] Parsing done. </td></tr><tr><td>&nbsp;</td></tr><tr><td class="">[10:32:31] Cleaning expired alerts. Alerts cleaned: 0</td></tr><tr><td class="">[10:32:31] Checking alerts. Alerts dispatched: 0</td></tr><tr><td>&nbsp;</td></tr><tr><td class="">[10:32:31] Deleting cache: 1</td></tr><tr><td class="">[10:32:31] Old correlations cleaned: 0</td></tr><tr><td class="">[10:32:32] Odds page generated: 1</td></tr><tr><td class="">[10:32:32] XML feed generated: 1</td></tr><tr><td class="">[10:32:32] Tweeted new matchups/events: 0 of 0</td></tr><tr><td>&nbsp;</td></tr><tr><td class="">[10:32:32] Parsing/alerting/generating/twittering done!</td></tr>